<?xml version="1.0" encoding="UTF-8"?>
<!-- Generated by org.testng.reporters.JUnitReportReporter -->
<testsuite hostname="ANANYA" failures="0" tests="6" name="TestNg.Priority_invocation_Enabled" time="0.017" errors="0" timestamp="2023-10-04T20:53:57 IST" skipped="1">
  <testcase classname="TestNg.Priority_invocation_Enabled" name="demo1" time="0.011"/>
  <system-out/>
  <testcase classname="TestNg.Priority_invocation_Enabled" name="demo1" time="0.001"/>
  <system-out/>
  <testcase classname="TestNg.Priority_invocation_Enabled" name="demo2" time="0.001"/>
  <system-out/>
  <testcase classname="TestNg.Priority_invocation_Enabled" name="demo2" time="0.003"/>
  <system-out/>
  <testcase classname="TestNg.Priority_invocation_Enabled" name="demo2" time="0.001"/>
  <system-out/>
  <testcase classname="TestNg.Priority_invocation_Enabled" name="demo3">
    <skipped/>
  </testcase> <!-- demo3 -->
  <system-out/>
</testsuite> <!-- TestNg.Priority_invocation_Enabled -->
