<?xml version="1.0" encoding="UTF-8"?>
<!-- Generated by org.testng.reporters.JUnitReportReporter -->
<testsuite hostname="ANANYA" failures="0" tests="1" name="TestNG_Sequential.snapdeal" time="6.802" errors="0" timestamp="2023-10-04T20:52:26 IST" skipped="0">
  <testcase classname="TestNG_Sequential.snapdeal" name="snapde" time="6.802"/>
  <system-out/>
</testsuite> <!-- TestNG_Sequential.snapdeal -->
