<?xml version="1.0" encoding="UTF-8"?>
<!-- Generated by org.testng.reporters.JUnitReportReporter -->
<testsuite hostname="ANANYA" failures="0" tests="1" name="TestNG_Failling.Facebook" time="6.362" errors="0" timestamp="2023-10-06T20:23:56 IST" skipped="0">
  <testcase classname="TestNG_Failling.Facebook" name="fb" time="6.362"/>
  <system-out/>
</testsuite> <!-- TestNG_Failling.Facebook -->
