<?xml version="1.0" encoding="UTF-8"?>
<!-- Generated by org.testng.reporters.JUnitReportReporter -->
<testsuite hostname="ANANYA" failures="0" tests="1" name="TestNG_Perallel.amazon" time="28.036" errors="0" timestamp="2023-10-05T19:36:59 IST" skipped="0">
  <testcase classname="TestNG_Perallel.amazon" name="amz" time="28.036"/>
  <system-out/>
</testsuite> <!-- TestNG_Perallel.amazon -->
