<?xml version="1.0" encoding="UTF-8"?>
<!-- Generated by org.testng.reporters.JUnitReportReporter -->
<testsuite hostname="ANANYA" failures="0" tests="1" name="TestNG_Failling.Snapdeal" time="7.637" errors="0" timestamp="2023-10-06T20:21:44 IST" skipped="0">
  <testcase classname="TestNG_Failling.Snapdeal" name="snap" time="7.637"/>
  <system-out/>
</testsuite> <!-- TestNG_Failling.Snapdeal -->
