<?xml version="1.0" encoding="UTF-8"?>
<!-- Generated by org.testng.reporters.JUnitReportReporter -->
<testsuite hostname="ANANYA" failures="0" tests="3" name="TestNg.Annotations" time="67.969" errors="0" timestamp="2023-10-06T19:55:21 IST" skipped="0">
  <testcase classname="TestNg.Annotations" name="facebook" time="6.485"/>
  <system-out/>
  <testcase classname="TestNg.Annotations" name="amazon" time="53.419"/>
  <system-out/>
  <testcase classname="TestNg.Annotations" name="snapdeal" time="8.065"/>
  <system-out/>
</testsuite> <!-- TestNg.Annotations -->
