<?xml version="1.0" encoding="UTF-8"?>
<!-- Generated by org.testng.reporters.JUnitReportReporter -->
<testsuite hostname="ANANYA" failures="0" tests="1" name="TestNG_Perallel.facebook" time="13.346" errors="0" timestamp="2023-10-05T19:36:59 IST" skipped="0">
  <testcase classname="TestNG_Perallel.facebook" name="fb" time="13.346"/>
  <system-out/>
</testsuite> <!-- TestNG_Perallel.facebook -->
