<?xml version="1.0" encoding="UTF-8"?>
<!-- Generated by org.testng.reporters.JUnitReportReporter -->
<testsuite hostname="ANANYA" failures="0" tests="2" name="TestNG_Perallel.facebook_compatability" time="93.640" errors="0" timestamp="2023-10-05T20:34:29 IST" skipped="0">
  <testcase classname="TestNG_Perallel.facebook_compatability" name="fac" time="86.403"/>
  <system-out/>
  <testcase classname="TestNG_Perallel.facebook_compatability" name="fac" time="7.237"/>
  <system-out/>
</testsuite> <!-- TestNG_Perallel.facebook_compatability -->
