<?xml version="1.0" encoding="UTF-8"?>
<!-- Generated by org.testng.reporters.JUnitReportReporter -->
<testsuite hostname="ANANYA" failures="0" tests="3" name="TestNg.DataProviders" time="61.395" errors="0" timestamp="2023-10-06T21:02:35 IST" skipped="0">
  <testcase classname="TestNg.DataProviders" name="facebook" time="5.511"/>
  <system-out/>
  <testcase classname="TestNg.DataProviders" name="facebook" time="6.350"/>
  <system-out/>
  <testcase classname="TestNg.DataProviders" name="facebook" time="49.534"/>
  <system-out/>
</testsuite> <!-- TestNg.DataProviders -->
