<?xml version="1.0" encoding="UTF-8"?>
<!-- Generated by org.testng.reporters.JUnitReportReporter -->
<testsuite hostname="ANANYA" failures="0" tests="1" name="TestNG_Sequential.amazon" time="11.821" errors="0" timestamp="2023-10-04T20:52:26 IST" skipped="0">
  <testcase classname="TestNG_Sequential.amazon" name="amz" time="11.821"/>
  <system-out/>
</testsuite> <!-- TestNG_Sequential.amazon -->
