<?xml version="1.0" encoding="UTF-8"?>
<!-- Generated by org.testng.reporters.JUnitReportReporter -->
<testsuite hostname="ANANYA" failures="0" tests="1" name="TestNG_Sequential.facebook" time="9.318" errors="0" timestamp="2023-10-04T20:52:26 IST" skipped="0">
  <testcase classname="TestNG_Sequential.facebook" name="fb" time="9.318"/>
  <system-out/>
</testsuite> <!-- TestNG_Sequential.facebook -->
